<?xml version="1.0" encoding="UTF-8"?>
<testsuite xmlns:xsi="http://www.w3.org/2001/XMLSchema-instance" xsi:noNamespaceSchemaLocation="https://maven.apache.org/surefire/maven-surefire-plugin/xsd/surefire-test-report-3.0.xsd" version="3.0" name="io.jenkins.plugins.grading.PackageArchitectureTest" time="0.804" tests="1" errors="0" skipped="0" failures="0">
  <testcase name="ADHERES_TO_PACKAGE_DESIGN" classname="PackageArchitectureTest" time="0.803"/>
</testsuite>