<?xml version="1.0" encoding="UTF-8"?>
<testsuite xmlns:xsi="http://www.w3.org/2001/XMLSchema-instance" xsi:noNamespaceSchemaLocation="https://maven.apache.org/surefire/maven-surefire-plugin/xsd/surefire-test-report-3.0.xsd" version="3.0" name="io.jenkins.plugins.grading.PitScoreTest" time="0.09" tests="8" errors="0" skipped="0" failures="0">
  <testcase name="shouldCalculateSizeImpacts" classname="io.jenkins.plugins.grading.PitScoreTest" time="0.075"/>
  <testcase name="shouldInitialiseConfigurationWithDefaultValues" classname="io.jenkins.plugins.grading.PitScoreTest" time="0.002"/>
  <testcase name="shouldCalculateZeroTotalImpact" classname="io.jenkins.plugins.grading.PitScoreTest" time="0.002"/>
  <testcase name="shouldCalculateNegativeResult" classname="io.jenkins.plugins.grading.PitScoreTest" time="0.002"/>
  <testcase name="shouldInitialiseConfigurationWithJson" classname="io.jenkins.plugins.grading.PitScoreTest" time="0.002"/>
  <testcase name="shouldInitialiseConfigurationWithJsonIgnoresAdditionalAttributes" classname="io.jenkins.plugins.grading.PitScoreTest" time="0.002"/>
  <testcase name="shouldGetProperties" classname="io.jenkins.plugins.grading.PitScoreTest" time="0.002"/>
  <testcase name="shouldCalculateRatioImpacts" classname="io.jenkins.plugins.grading.PitScoreTest" time="0.001"/>
</testsuite>