<?xml version="1.0" encoding="UTF-8"?>
<testsuite xmlns:xsi="http://www.w3.org/2001/XMLSchema-instance" xsi:noNamespaceSchemaLocation="https://maven.apache.org/surefire/maven-surefire-plugin/xsd/surefire-test-report-3.0.xsd" version="3.0" name="io.jenkins.plugins.grading.AnalysisScoreTest" time="0.774" tests="5" errors="0" skipped="0" failures="0">
  <testcase name="shouldConvertFromJson" classname="io.jenkins.plugins.grading.AnalysisScoreTest" time="0.129"/>
  <testcase name="shouldThrowExceptionWhenNameIsNull" classname="io.jenkins.plugins.grading.AnalysisScoreTest" time="0.63"/>
  <testcase name="shouldReturnNegativeParams" classname="io.jenkins.plugins.grading.AnalysisScoreTest" time="0.006"/>
  <testcase name="shouldReturnPositiveParams" classname="io.jenkins.plugins.grading.AnalysisScoreTest" time="0.002"/>
  <testcase name="shouldCalculate" classname="io.jenkins.plugins.grading.AnalysisScoreTest" time="0.003"/>
</testsuite>