<?xml version="1.0" encoding="UTF-8"?>
<testsuite xmlns:xsi="http://www.w3.org/2001/XMLSchema-instance" xsi:noNamespaceSchemaLocation="https://maven.apache.org/surefire/maven-surefire-plugin/xsd/surefire-test-report-3.0.xsd" version="3.0" name="io.jenkins.plugins.grading.AutoGraderTest" time="1.269" tests="2" errors="0" skipped="0" failures="0">
  <testcase name="shouldThrowNullPointerExceptionOnValidButNotCorrectConfiguration" classname="io.jenkins.plugins.grading.AutoGraderTest" time="1.259"/>
  <testcase name="shouldThrowExceptionOnBrokenConfiguration" classname="io.jenkins.plugins.grading.AutoGraderTest" time="0.005"/>
</testsuite>