<?xml version="1.0" encoding="UTF-8"?>
<testsuite xmlns:xsi="http://www.w3.org/2001/XMLSchema-instance" xsi:noNamespaceSchemaLocation="https://maven.apache.org/surefire/maven-surefire-plugin/xsd/surefire-test-report-3.0.xsd" version="3.0" name="io.jenkins.plugins.grading.AnalysisScoreTest" time="3.147" tests="5" errors="0" skipped="0" failures="0">
  <testcase name="shouldConvertFromJson" classname="io.jenkins.plugins.grading.AnalysisScoreTest" time="0.343"/>
  <testcase name="shouldThrowExceptionWhenNameIsNull" classname="io.jenkins.plugins.grading.AnalysisScoreTest" time="2.736"/>
  <testcase name="shouldReturnNegativeParams" classname="io.jenkins.plugins.grading.AnalysisScoreTest" time="0.025"/>
  <testcase name="shouldReturnPositiveParams" classname="io.jenkins.plugins.grading.AnalysisScoreTest" time="0.004"/>
  <testcase name="shouldCalculate" classname="io.jenkins.plugins.grading.AnalysisScoreTest" time="0.005"/>
</testsuite>