<?xml version="1.0" encoding="UTF-8"?>
<testsuite xmlns:xsi="http://www.w3.org/2001/XMLSchema-instance" xsi:noNamespaceSchemaLocation="https://maven.apache.org/surefire/maven-surefire-plugin/xsd/surefire-test-report-3.0.xsd" version="3.0" name="io.jenkins.plugins.grading.ScoreTest" time="0.388" tests="5" errors="0" skipped="0" failures="0">
  <testcase name="shouldUpdateCoverage" classname="io.jenkins.plugins.grading.ScoreTest" time="0.007"/>
  <testcase name="shouldUpdateTests" classname="io.jenkins.plugins.grading.ScoreTest" time="0.027"/>
  <testcase name="shouldUpdateWithAllConfigurations" classname="io.jenkins.plugins.grading.ScoreTest" time="0.31"/>
  <testcase name="shouldSumAnalysisConfiguration" classname="io.jenkins.plugins.grading.ScoreTest" time="0.004"/>
  <testcase name="shouldUpdatePit" classname="io.jenkins.plugins.grading.ScoreTest" time="0.003"/>
</testsuite>