<?xml version="1.0" encoding="UTF-8"?>
<testsuite xmlns:xsi="http://www.w3.org/2001/XMLSchema-instance" xsi:noNamespaceSchemaLocation="https://maven.apache.org/surefire/maven-surefire-plugin/xsd/surefire-test-report-3.0.xsd" version="3.0" name="io.jenkins.plugins.grading.TestScoreTest" time="0.138" tests="9" errors="0" skipped="0" failures="0">
  <testcase name="shouldInitialiseWithDefaultValues" classname="io.jenkins.plugins.grading.TestScoreTest" time="0.002"/>
  <testcase name="shouldConvertFromJson" classname="io.jenkins.plugins.grading.TestScoreTest" time="0.004"/>
  <testcase name="shouldComputeTestScoreWith(TestConfiguration,TestResultAction, int)" classname="io.jenkins.plugins.grading.TestScoreTest" time="0.025"/>
  <testcase name="shouldComputeTestScoreWith(TestConfiguration,TestResultAction, int)" classname="io.jenkins.plugins.grading.TestScoreTest" time="0.002"/>
  <testcase name="shouldComputeTestScoreWith(TestConfiguration,TestResultAction, int)" classname="io.jenkins.plugins.grading.TestScoreTest" time="0.002"/>
  <testcase name="shouldComputeTestScoreWith(TestConfiguration,TestResultAction, int)" classname="io.jenkins.plugins.grading.TestScoreTest" time="0.001"/>
  <testcase name="shouldComputeTestScoreWith(TestConfiguration,TestResultAction, int)" classname="io.jenkins.plugins.grading.TestScoreTest" time="0.001"/>
  <testcase name="shouldComputeTestScoreWith(TestConfiguration,TestResultAction, int)" classname="io.jenkins.plugins.grading.TestScoreTest" time="0.001"/>
  <testcase name="shouldIgnoresAdditionalAttributes" classname="io.jenkins.plugins.grading.TestScoreTest" time="0.001"/>
</testsuite>